<?xml version="1.0" encoding="UTF-8"?>
<!-- Generated by org.testng.reporters.JUnitXMLReporter -->
<testsuite hostname="Sia-VAIO" name="Surefire test" tests="15" failures="0" timestamp="20 Oct 2016 11:44:18 GMT" time="0.551" errors="0">
  <testcase name="test1 on test1(se.nackademin.examination.examination_jacoco.DataAnalysisTest)" time="0.07" classname="se.nackademin.examination.examination_jacoco.DataAnalysisTest"/>
  <testcase name="testMainMethod on testMainMethod(se.nackademin.examination.examination_jacoco.MainTest)" time="0.004" classname="se.nackademin.examination.examination_jacoco.MainTest"/>
  <testcase name="testGenderGettersAndSettersMethods on testGenderGettersAndSettersMethods(se.nackademin.examination.examination_jacoco.ResultsFromInputsTest)" time="0.001" classname="se.nackademin.examination.examination_jacoco.ResultsFromInputsTest"/>
  <testcase name="testHomeCityGettersAndSettersMethods on testHomeCityGettersAndSettersMethods(se.nackademin.examination.examination_jacoco.ResultsFromInputsTest)" time="0.001" classname="se.nackademin.examination.examination_jacoco.ResultsFromInputsTest"/>
  <testcase name="testNameLengthGettersAndSettersMethods on testNameLengthGettersAndSettersMethods(se.nackademin.examination.examination_jacoco.ResultsFromInputsTest)" time="0.001" classname="se.nackademin.examination.examination_jacoco.ResultsFromInputsTest"/>
  <testcase name="testAgeGettersAndSettersMethods on testAgeGettersAndSettersMethods(se.nackademin.examination.examination_jacoco.ResultsFromInputsTest)" time="0.0" classname="se.nackademin.examination.examination_jacoco.ResultsFromInputsTest"/>
  <testcase name="testRun on testRun(se.nackademin.examination.examination_jacoco.GameTest)" time="0.035" classname="se.nackademin.examination.examination_jacoco.GameTest"/>
  <testcase name="testCalculateOutPutBasedOnGender on testCalculateOutPutBasedOnGender(se.nackademin.examination.examination_jacoco.GameTest)" time="0.001" classname="se.nackademin.examination.examination_jacoco.GameTest"/>
  <testcase name="testCalculateOutPutBasedOnHomeCity on testCalculateOutPutBasedOnHomeCity(se.nackademin.examination.examination_jacoco.GameTest)" time="0.001" classname="se.nackademin.examination.examination_jacoco.GameTest"/>
  <testcase name="testCalculateOutPutBasedOnAge on testCalculateOutPutBasedOnAge(se.nackademin.examination.examination_jacoco.GameTest)" time="0.0" classname="se.nackademin.examination.examination_jacoco.GameTest"/>
  <testcase name="testGetGenderFromInputValues on testGetGenderFromInputValues(se.nackademin.examination.examination_jacoco.GameTest)" time="0.001" classname="se.nackademin.examination.examination_jacoco.GameTest"/>
  <testcase name="testGetAgeFromInputValues on testGetAgeFromInputValues(se.nackademin.examination.examination_jacoco.GameTest)" time="0.001" classname="se.nackademin.examination.examination_jacoco.GameTest"/>
  <testcase name="testCalculateOutPutBasedOnNames on testCalculateOutPutBasedOnNames(se.nackademin.examination.examination_jacoco.GameTest)" time="0.002" classname="se.nackademin.examination.examination_jacoco.GameTest"/>
  <testcase name="testBuildFinalString on testBuildFinalString(se.nackademin.examination.examination_jacoco.GameTest)" time="0.001" classname="se.nackademin.examination.examination_jacoco.GameTest"/>
  <testcase name="testConversorGettersAndSetters on testConversorGettersAndSetters(se.nackademin.examination.examination_jacoco.ConversorTest)" time="0.001" classname="se.nackademin.examination.examination_jacoco.ConversorTest"/>
</testsuite> <!-- Surefire test -->
